Arguments: 
  /usr/local/bin/node /usr/local/bin/yarn add openzeppelin-solidity: ^2.4.0

PATH: 
  /Users/yushimasui/.poetry/bin:/Users/yushimasui/.cargo/bin:/Users/yushimasui/.pyenv/shims:/Users/yushimasui/.pyenv/bin:/usr/local/bin:/System/Cryptexes/App/usr/bin:/usr/bin:/bin:/usr/sbin:/sbin:/usr/local/go/bin:/usr/local/share/dotnet:~/.dotnet/tools:/Library/Apple/usr/bin:/Users/yushimasui/.cargo/bin:/Users/yushimasui/.local/bin:/Users/yushimasui/.local/bin

Yarn version: 
  1.22.19

Node version: 
  16.13.2

Platform: 
  darwin x64

Trace: 
  Error: https://registry.yarnpkg.com/openzeppelin-solidity:: Not found
      at Request.params.callback [as _callback] (/usr/local/lib/node_modules/yarn/lib/cli.js:66145:18)
      at Request.self.callback (/usr/local/lib/node_modules/yarn/lib/cli.js:140890:22)
      at Request.emit (node:events:390:28)
      at Request.<anonymous> (/usr/local/lib/node_modules/yarn/lib/cli.js:141862:10)
      at Request.emit (node:events:390:28)
      at IncomingMessage.<anonymous> (/usr/local/lib/node_modules/yarn/lib/cli.js:141784:12)
      at Object.onceWrapper (node:events:509:28)
      at IncomingMessage.emit (node:events:402:35)
      at endReadableNT (node:internal/streams/readable:1343:12)
      at processTicksAndRejections (node:internal/process/task_queues:83:21)

npm manifest: 
  {
    "name": "hardhat-project",
    "devDependencies": {
      "@nomicfoundation/hardhat-toolbox": "^2.0.1",
      "hardhat": "^2.12.7"
    }
  }

yarn manifest: 
  No manifest

Lockfile: 
  No lockfile
